<?xml version="1.0" encoding="UTF-8"?>
<testsuite name="com.devpt.collapsar.controller.RbacControllerTest" tests="1" skipped="0" failures="0" errors="0" timestamp="2016-05-26T12:34:26" hostname="掌众" time="0.999">
  <properties/>
  <testcase name="testQueryUsersByPage" classname="com.devpt.collapsar.controller.RbacControllerTest" time="0.999"/>
  <system-out><![CDATA[2016-05-26 20:34:26,028 [Test worker] DEBUG c.d.c.controller.RbacControllerTest 22 - begin -->
2016-05-26 20:34:26,045 [Test worker] DEBUG c.d.c.s.c.VendorHttpClientService 51 - connectParams connection: VendorConnectParams{accessKey='FSDFGFDGFDHFFDFDFDF', secretKey='gfdgfdgfdgfdfffdser', urlBase='http://localhost:8080'}
2016-05-26 20:34:26,670 [Test worker] DEBUG c.d.c.s.c.VendorHttpClientService 80 - vendor post: apiUrl=/collapsar/rbac/queryUsersByPage,body=QueryUsersByPageReq{pageIndex=1, pageSize=10},clazz=class com.devpt.collapsar.model.common.GenericResponse,method=POST,expireTime=1464266666
2016-05-26 20:34:26,763 [Test worker] DEBUG com.devpt.collapsar.util.TokenHelper 106 - signature contents: |V1-FSDFGFDGFDHFFDFDFDF-1464266666|gfdgfdgfdgfdfffdser|/collapsar/rbac/queryUsersByPage|POST||{"pageIndex":1,"pageSize":10}|
2016-05-26 20:34:26,790 [Test worker] DEBUG c.d.c.s.c.VendorHttpClientService 100 - vendor post url = http://localhost:8080/collapsar/rbac/queryUsersByPage
2016-05-26 20:34:27,018 [Test worker] INFO  c.d.c.controller.RbacControllerTest 45 - testQueryUsersByPage: resp=GenericResponse{status=0, message='成功', content={total=7, rows=[{id=1, gid=fsf, createTime=1463471288, updateTime=1463471288, isValid=1, remark=null, userName=aaaa, loginPasswd=aaaaaaa}, {id=2, gid=fdsf, createTime=1463471288, updateTime=1463471288, isValid=1, remark=null, userName=bbbb, loginPasswd=bbbb}, {id=4, gid=fdsfds, createTime=1463471288, updateTime=1463471288, isValid=1, remark=null, userName=dddd, loginPasswd=dddd}, {id=5, gid=fdgfgd, createTime=1463471288, updateTime=1463471288, isValid=1, remark=null, userName=eee, loginPasswd=eee}, {id=6, gid=ffff, createTime=1463471288, updateTime=1463471288, isValid=1, remark=null, userName=ffff, loginPasswd=ffff}, {id=7, gid=gggg, createTime=1463471288, updateTime=1463471288, isValid=1, remark=null, userName=gggg, loginPasswd=gggg}, {id=8, gid=hhhh, createTime=1463471288, updateTime=1463471288, isValid=1, remark=null, userName=hhhh, loginPasswd=hhhhh}]}}, systim=1464266067018
2016-05-26 20:34:27,020 [Test worker] DEBUG c.d.c.controller.RbacControllerTest 28 - end <--use time=985 ms
]]></system-out>
  <system-err><![CDATA[]]></system-err>
</testsuite>
